*** Starting uWSGI 2.0.16 (32bit) on [Tue Feb 27 07:51:53 2018] ***
compiled with version: 5.4.0 20160609 on 27 February 2018 11:26:36
os: Linux-4.4.0-62-generic #83-Ubuntu SMP Wed Jan 18 14:09:55 UTC 2017
nodename: ubuntu
machine: i686
clock source: unix
detected number of CPU cores: 1
current working directory: /root/web/dj_v1
writing pidfile to uwsgi.pid
detected binary path: /root/.virtualenvs/env1/bin/uwsgi
!!! no internal routing support, rebuild with pcre support !!!
dropping root privileges as early as possible
uWSGI running as root, you can use --uid/--gid/--chroot options
*** WARNING: you are running uWSGI as root !!! (use the --uid flag) *** 
chdir() to /root/web/dj_v1
your processes number limit is 3762
your memory page size is 4096 bytes
detected max file descriptor number: 1024
lock engine: pthread robust mutexes
thunder lock: disabled (you can enable it with --thunder-lock)
uwsgi socket 0 bound to TCP address 172.96.208.108:8000 fd 3
dropping root privileges after socket binding
uWSGI running as root, you can use --uid/--gid/--chroot options
*** WARNING: you are running uWSGI as root !!! (use the --uid flag) *** 
Python version: 3.5.2 (default, Nov 23 2017, 16:37:01)  [GCC 5.4.0 20160609]
Python main interpreter initialized at 0x9b04c00
dropping root privileges after plugin initialization
uWSGI running as root, you can use --uid/--gid/--chroot options
*** WARNING: you are running uWSGI as root !!! (use the --uid flag) *** 
python threads support enabled
your server socket listen backlog is limited to 100 connections
your mercy for graceful operations on workers is 60 seconds
mapped 358360 bytes (349 KB) for 8 cores
*** Operational MODE: preforking+threaded ***
failed to open python file dj_v1/usgi.py
unable to load app 0 (mountpoint='') (callable not found or import error)
*** no app loaded. going in full dynamic mode ***
dropping root privileges after application loading
uWSGI running as root, you can use --uid/--gid/--chroot options
*** WARNING: you are running uWSGI as root !!! (use the --uid flag) *** 
*** uWSGI is running in multiple interpreter mode ***
spawned uWSGI master process (pid: 10241)
spawned uWSGI worker 1 (pid: 10242, cores: 2)
spawned uWSGI worker 2 (pid: 10243, cores: 2)
spawned uWSGI worker 3 (pid: 10244, cores: 2)
spawned uWSGI worker 4 (pid: 10245, cores: 2)
*** Starting uWSGI 2.0.16 (32bit) on [Tue Feb 27 07:52:56 2018] ***
compiled with version: 5.4.0 20160609 on 27 February 2018 11:26:36
os: Linux-4.4.0-62-generic #83-Ubuntu SMP Wed Jan 18 14:09:55 UTC 2017
nodename: ubuntu
machine: i686
clock source: unix
detected number of CPU cores: 1
current working directory: /root/web/dj_v1
writing pidfile to uwsgi.pid
detected binary path: /root/.virtualenvs/env1/bin/uwsgi
!!! no internal routing support, rebuild with pcre support !!!
dropping root privileges as early as possible
uWSGI running as root, you can use --uid/--gid/--chroot options
*** WARNING: you are running uWSGI as root !!! (use the --uid flag) *** 
chdir() to /root/web/dj_v1
your processes number limit is 3762
your memory page size is 4096 bytes
detected max file descriptor number: 1024
lock engine: pthread robust mutexes
thunder lock: disabled (you can enable it with --thunder-lock)
probably another instance of uWSGI is running on the same address (172.96.208.108:8000).
bind(): Address already in use [core/socket.c line 769]
*** Starting uWSGI 2.0.16 (32bit) on [Tue Feb 27 09:26:54 2018] ***
compiled with version: 5.4.0 20160609 on 27 February 2018 11:26:36
os: Linux-4.4.0-62-generic #83-Ubuntu SMP Wed Jan 18 14:09:55 UTC 2017
nodename: ubuntu
machine: i686
clock source: unix
detected number of CPU cores: 1
current working directory: /root/web/dj_v1
writing pidfile to uwsgi.pid
detected binary path: /root/.virtualenvs/env1/bin/uwsgi
!!! no internal routing support, rebuild with pcre support !!!
dropping root privileges as early as possible
uWSGI running as root, you can use --uid/--gid/--chroot options
*** WARNING: you are running uWSGI as root !!! (use the --uid flag) *** 
chdir() to /root/web/dj_v1
your processes number limit is 3762
your memory page size is 4096 bytes
detected max file descriptor number: 1024
lock engine: pthread robust mutexes
thunder lock: disabled (you can enable it with --thunder-lock)
probably another instance of uWSGI is running on the same address (172.96.208.108:8000).
bind(): Address already in use [core/socket.c line 769]
invalid request block size: 21573 (max 4096)...skip
invalid request block size: 21573 (max 4096)...skip
invalid request block size: 7937 (max 4096)...skip
*** Starting uWSGI 2.0.16 (32bit) on [Tue Feb 27 09:57:15 2018] ***
compiled with version: 5.4.0 20160609 on 27 February 2018 11:26:36
os: Linux-4.4.0-62-generic #83-Ubuntu SMP Wed Jan 18 14:09:55 UTC 2017
nodename: ubuntu
machine: i686
clock source: unix
detected number of CPU cores: 1
current working directory: /root/web/dj_v1
writing pidfile to uwsgi.pid
detected binary path: /root/.virtualenvs/env1/bin/uwsgi
!!! no internal routing support, rebuild with pcre support !!!
dropping root privileges as early as possible
uWSGI running as root, you can use --uid/--gid/--chroot options
*** WARNING: you are running uWSGI as root !!! (use the --uid flag) *** 
chdir() to /root/web/dj_v1
your processes number limit is 3762
your memory page size is 4096 bytes
detected max file descriptor number: 1024
lock engine: pthread robust mutexes
thunder lock: disabled (you can enable it with --thunder-lock)
uwsgi socket 0 bound to TCP address :8888 fd 3
dropping root privileges after socket binding
uWSGI running as root, you can use --uid/--gid/--chroot options
*** WARNING: you are running uWSGI as root !!! (use the --uid flag) *** 
Python version: 3.5.2 (default, Nov 23 2017, 16:37:01)  [GCC 5.4.0 20160609]
Set PythonHome to /root/.virtualenvs/env1
Python main interpreter initialized at 0x9f92930
dropping root privileges after plugin initialization
uWSGI running as root, you can use --uid/--gid/--chroot options
*** WARNING: you are running uWSGI as root !!! (use the --uid flag) *** 
python threads support enabled
your server socket listen backlog is limited to 100 connections
your mercy for graceful operations on workers is 60 seconds
mapped 358360 bytes (349 KB) for 8 cores
*** Operational MODE: preforking+threaded ***
failed to open python file dj_v1.wsgi
unable to load app 0 (mountpoint='') (callable not found or import error)
*** no app loaded. going in full dynamic mode ***
dropping root privileges after application loading
uWSGI running as root, you can use --uid/--gid/--chroot options
*** WARNING: you are running uWSGI as root !!! (use the --uid flag) *** 
*** uWSGI is running in multiple interpreter mode ***
spawned uWSGI master process (pid: 10298)
spawned uWSGI worker 1 (pid: 10299, cores: 2)
spawned uWSGI worker 2 (pid: 10300, cores: 2)
spawned uWSGI worker 3 (pid: 10301, cores: 2)
spawned uWSGI worker 4 (pid: 10302, cores: 2)
invalid request block size: 21573 (max 4096)...skip
invalid request block size: 21573 (max 4096)...skip
invalid request block size: 21573 (max 4096)...skip
invalid request block size: 21573 (max 4096)...skip
invalid request block size: 21573 (max 4096)...skip
invalid request block size: 21573 (max 4096)...skip
invalid request block size: 21573 (max 4096)...skip
invalid request block size: 21573 (max 4096)...skip
invalid request block size: 21573 (max 4096)...skip
invalid request block size: 21573 (max 4096)...skip
invalid request block size: 21573 (max 4096)...skip
invalid request block size: 21573 (max 4096)...skip
*** Starting uWSGI 2.0.16 (32bit) on [Tue Feb 27 10:13:56 2018] ***
compiled with version: 5.4.0 20160609 on 27 February 2018 11:26:36
os: Linux-4.4.0-62-generic #83-Ubuntu SMP Wed Jan 18 14:09:55 UTC 2017
nodename: ubuntu
machine: i686
clock source: unix
detected number of CPU cores: 1
current working directory: /root/web/dj_v1
writing pidfile to uwsgi.pid
detected binary path: /root/.virtualenvs/env1/bin/uwsgi
!!! no internal routing support, rebuild with pcre support !!!
dropping root privileges as early as possible
uWSGI running as root, you can use --uid/--gid/--chroot options
*** WARNING: you are running uWSGI as root !!! (use the --uid flag) *** 
chdir() to /root/web/dj_v1
your processes number limit is 3762
your memory page size is 4096 bytes
detected max file descriptor number: 1024
lock engine: pthread robust mutexes
thunder lock: disabled (you can enable it with --thunder-lock)
probably another instance of uWSGI is running on the same address (:8888).
bind(): Address already in use [core/socket.c line 769]
invalid request block size: 21573 (max 4096)...skip
invalid request block size: 21573 (max 4096)...skip
invalid request block size: 21573 (max 4096)...skip
invalid request block size: 7937 (max 4096)...skip
invalid request block size: 21573 (max 4096)...skip
invalid request block size: 21573 (max 4096)...skip
invalid request block size: 21573 (max 4096)...skip
Gracefully killing worker 2 (pid: 10300)...
Gracefully killing worker 1 (pid: 10299)...
Gracefully killing worker 4 (pid: 10302)...
Gracefully killing worker 3 (pid: 10301)...
Gracefully killing worker 2 (pid: 10243)...
Gracefully killing worker 3 (pid: 10244)...
Gracefully killing worker 4 (pid: 10245)...
Gracefully killing worker 1 (pid: 10242)...
...brutally killing workers...
...brutally killing workers...
worker 1 buried after 0 seconds
worker 2 buried after 0 seconds
worker 3 buried after 0 seconds
worker 4 buried after 0 seconds
binary reloading uWSGI...
chdir() to /root/web/dj_v1
closing all non-uwsgi socket fds > 2 (max_fd = 1024)...
found fd 3 mapped to socket 0 (172.96.208.108:8000)
running /root/.virtualenvs/env1/bin/uwsgi
[uWSGI] getting INI configuration from uwsgi.ini
*** Starting uWSGI 2.0.16 (32bit) on [Fri Mar  2 00:36:31 2018] ***
compiled with version: 5.4.0 20160609 on 27 February 2018 11:26:36
os: Linux-4.4.0-62-generic #83-Ubuntu SMP Wed Jan 18 14:09:55 UTC 2017
nodename: ubuntu
machine: i686
clock source: unix
detected number of CPU cores: 1
current working directory: /root/web/dj_v1
detected binary path: /root/.virtualenvs/env1/bin/uwsgi
!!! no internal routing support, rebuild with pcre support !!!
dropping root privileges as early as possible
uWSGI running as root, you can use --uid/--gid/--chroot options
*** WARNING: you are running uWSGI as root !!! (use the --uid flag) *** 
chdir() to /root/web/dj_v1
your processes number limit is 3762
your memory page size is 4096 bytes
detected max file descriptor number: 1024
lock engine: pthread robust mutexes
thunder lock: disabled (you can enable it with --thunder-lock)
probably another instance of uWSGI is running on the same address (:7777).
bind(): Address already in use [core/socket.c line 769]
worker 1 buried after 1 seconds
worker 2 buried after 1 seconds
worker 3 buried after 1 seconds
worker 4 buried after 1 seconds
binary reloading uWSGI...
chdir() to /root/web/dj_v1
closing all non-uwsgi socket fds > 2 (max_fd = 1024)...
found fd 3 mapped to socket 0 (:8888)
running /root/.virtualenvs/env1/bin/uwsgi
[uWSGI] getting INI configuration from uwsgi.ini
*** Starting uWSGI 2.0.16 (32bit) on [Fri Mar  2 00:36:32 2018] ***
compiled with version: 5.4.0 20160609 on 27 February 2018 11:26:36
os: Linux-4.4.0-62-generic #83-Ubuntu SMP Wed Jan 18 14:09:55 UTC 2017
nodename: ubuntu
machine: i686
clock source: unix
detected number of CPU cores: 1
current working directory: /root/web/dj_v1
detected binary path: /root/.virtualenvs/env1/bin/uwsgi
!!! no internal routing support, rebuild with pcre support !!!
dropping root privileges as early as possible
uWSGI running as root, you can use --uid/--gid/--chroot options
*** WARNING: you are running uWSGI as root !!! (use the --uid flag) *** 
chdir() to /root/web/dj_v1
your processes number limit is 3762
your memory page size is 4096 bytes
detected max file descriptor number: 1024
lock engine: pthread robust mutexes
thunder lock: disabled (you can enable it with --thunder-lock)
probably another instance of uWSGI is running on the same address (:7777).
bind(): Address already in use [core/socket.c line 769]
